<?xml version="1.0" encoding="UTF-8"?>
<!-- Generated by org.testng.reporters.JUnitReportReporter -->
<testsuite skipped="0" hostname="DESKTOP-OG4TLGN" name="com.get.PostMethod" tests="1" failures="0" timestamp="2021-10-07T16:11:19 IST" time="3.313" errors="0">
  <testcase name="postMethod" time="3.313" classname="com.get.PostMethod"/>
  <system-out/>
</testsuite> <!-- com.get.PostMethod -->
