<?xml version="1.0" encoding="UTF-8"?>
<!-- Generated by org.testng.reporters.JUnitReportReporter -->
<testsuite skipped="0" hostname="DESKTOP-OG4TLGN" name="com.get.Get" tests="1" failures="0" timestamp="2021-10-07T15:38:57 IST" time="3.788" errors="0">
  <testcase name="getEx" time="3.788" classname="com.get.Get"/>
  <system-out/>
</testsuite> <!-- com.get.Get -->
