<?xml version="1.0" encoding="UTF-8"?>
<!-- Generated by org.testng.reporters.JUnitReportReporter -->
<testsuite skipped="0" hostname="DESKTOP-OG4TLGN" name="com.get.GetMethod" tests="1" failures="0" timestamp="2021-10-07T15:58:07 IST" time="4.192" errors="0">
  <testcase name="getMethod" time="4.192" classname="com.get.GetMethod"/>
  <system-out/>
</testsuite> <!-- com.get.GetMethod -->
