<?xml version="1.0" encoding="UTF-8"?>
<!-- Generated by org.testng.reporters.JUnitReportReporter -->
<testsuite skipped="0" hostname="DESKTOP-OG4TLGN" name="com.get.PutandPatch" tests="2" failures="0" timestamp="2021-10-07T16:16:36 IST" time="3.886" errors="0">
  <testcase name="put" time="0.612" classname="com.get.PutandPatch"/>
  <system-out/>
  <testcase name="patch" time="3.274" classname="com.get.PutandPatch"/>
  <system-out/>
</testsuite> <!-- com.get.PutandPatch -->
